[fisco_bcos]2023/04/13 - 10:38:33.270	[34minfo[0m	D:/Code/GoCode/fisco/api/common/login.go:28	ç™»å½•æˆåŠŸ
[fisco_bcos]2023/04/13 - 10:45:24.986	[34minfo[0m	D:/Code/GoCode/fisco/api/admin/add_role.go:28	æ–°å¢ç”¨æˆ·ç§ç±»æˆåŠŸ
[fisco_bcos]2023/04/13 - 10:45:58.486	[34minfo[0m	D:/Code/GoCode/fisco/api/common/register.go:32	å·²æäº¤ç”¨æˆ·ç”³è¯·
[fisco_bcos]2023/04/13 - 10:46:32.601	[34minfo[0m	D:/Code/GoCode/fisco/api/admin/verify_user.go:32	å·²å®¡æ‰¹ç”¨æˆ·åˆ›å»ºè¯·æ±‚
[fisco_bcos]2023/04/13 - 10:47:42.151	[34minfo[0m	D:/Code/GoCode/fisco/api/common/register.go:32	å·²æäº¤ç”¨æˆ·ç”³è¯·
[fisco_bcos]2023/04/13 - 10:47:58.523	[34minfo[0m	D:/Code/GoCode/fisco/api/admin/verify_user.go:32	å·²å®¡æ‰¹ç”¨æˆ·åˆ›å»ºè¯·æ±‚
[fisco_bcos]2023/04/13 - 10:49:31.519	[34minfo[0m	D:/Code/GoCode/fisco/api/common/register.go:32	å·²æäº¤ç”¨æˆ·ç”³è¯·
[fisco_bcos]2023/04/13 - 10:49:39.536	[34minfo[0m	D:/Code/GoCode/fisco/api/admin/verify_user.go:32	å·²å®¡æ‰¹ç”¨æˆ·åˆ›å»ºè¯·æ±‚
[fisco_bcos]2023/04/13 - 10:51:27.963	[34minfo[0m	D:/Code/GoCode/fisco/api/common/register.go:32	å·²æäº¤ç”¨æˆ·ç”³è¯·
[fisco_bcos]2023/04/13 - 10:51:32.911	[34minfo[0m	D:/Code/GoCode/fisco/api/admin/verify_user.go:32	å·²å®¡æ‰¹ç”¨æˆ·åˆ›å»ºè¯·æ±‚
[fisco_bcos]2023/04/13 - 12:16:24.086	[34minfo[0m	D:/Code/GoCode/fisco/api/common/login.go:26	ç™»å½•æˆåŠŸ
[fisco_bcos]2023/04/13 - 12:25:58.216	[34minfo[0m	D:/Code/GoCode/fisco/api/common/login.go:26	ç™»å½•æˆåŠŸ
[fisco_bcos]2023/04/13 - 12:49:30.495	[34minfo[0m	D:/Code/GoCode/fisco/api/common/register.go:32	å·²æäº¤ç”¨æˆ·ç”³è¯·
[fisco_bcos]2023/04/13 - 12:54:58.028	[34minfo[0m	D:/Code/GoCode/fisco/api/common/register.go:32	å·²æäº¤ç”¨æˆ·ç”³è¯·
[fisco_bcos]2023/04/13 - 12:58:08.016	[34minfo[0m	D:/Code/GoCode/fisco/api/common/register.go:32	å·²æäº¤ç”¨æˆ·ç”³è¯·
[fisco_bcos]2023/04/13 - 13:03:12.798	[34minfo[0m	D:/Code/GoCode/fisco/api/common/register.go:32	å·²æäº¤ç”¨æˆ·ç”³è¯·
[fisco_bcos]2023/04/13 - 13:03:56.454	[34minfo[0m	D:/Code/GoCode/fisco/api/common/register.go:32	å·²æäº¤ç”¨æˆ·ç”³è¯·
[fisco_bcos]2023/04/13 - 13:04:19.404	[34minfo[0m	D:/Code/GoCode/fisco/api/common/login.go:26	ç™»å½•æˆåŠŸ
[fisco_bcos]2023/04/13 - 13:05:52.472	[34minfo[0m	D:/Code/GoCode/fisco/api/admin/verify_user.go:32	å·²å®¡æ‰¹ç”¨æˆ·åˆ›å»ºè¯·æ±‚
[fisco_bcos]2023/04/13 - 13:35:48.129	[34minfo[0m	D:/Code/GoCode/fisco/api/common/login.go:26	ç™»å½•æˆåŠŸ
[fisco_bcos]2023/04/13 - 13:36:59.474	[34minfo[0m	D:/Code/GoCode/fisco/api/common/login.go:26	ç™»å½•æˆåŠŸ
[fisco_bcos]2023/04/13 - 13:37:00.240	[34minfo[0m	D:/Code/GoCode/fisco/api/common/login.go:26	ç™»å½•æˆåŠŸ
[fisco_bcos]2023/04/13 - 13:37:00.958	[34minfo[0m	D:/Code/GoCode/fisco/api/common/login.go:26	ç™»å½•æˆåŠŸ
[fisco_bcos]2023/04/13 - 13:37:08.354	[34minfo[0m	D:/Code/GoCode/fisco/api/common/login.go:26	ç™»å½•æˆåŠŸ
[fisco_bcos]2023/04/13 - 13:37:10.024	[34minfo[0m	D:/Code/GoCode/fisco/api/common/login.go:26	ç™»å½•æˆåŠŸ
[fisco_bcos]2023/04/13 - 13:37:11.271	[34minfo[0m	D:/Code/GoCode/fisco/api/common/login.go:26	ç™»å½•æˆåŠŸ
[fisco_bcos]2023/04/13 - 13:38:14.322	[34minfo[0m	D:/Code/GoCode/fisco/api/common/login.go:26	ç™»å½•æˆåŠŸ
[fisco_bcos]2023/04/13 - 14:04:56.816	[34minfo[0m	D:/Code/GoCode/fisco/api/common/login.go:26	ç™»å½•æˆåŠŸ
[fisco_bcos]2023/04/13 - 14:07:23.281	[34minfo[0m	D:/Code/GoCode/fisco/api/contractuser/verify.go:26	ç¡®è®¤æˆåŠŸ
[fisco_bcos]2023/04/13 - 14:09:50.709	[34minfo[0m	D:/Code/GoCode/fisco/api/contractuser/verify.go:26	ç¡®è®¤æˆåŠŸ
[fisco_bcos]2023/04/13 - 14:09:52.282	[34minfo[0m	D:/Code/GoCode/fisco/api/contractuser/verify.go:26	ç¡®è®¤æˆåŠŸ
[fisco_bcos]2023/04/13 - 14:10:48.097	[34minfo[0m	D:/Code/GoCode/fisco/api/contractuser/verify.go:26	ç¡®è®¤æˆåŠŸ
[fisco_bcos]2023/04/13 - 14:14:25.679	[34minfo[0m	D:/Code/GoCode/fisco/api/common/register.go:32	å·²æäº¤ç”¨æˆ·ç”³è¯·
[fisco_bcos]2023/04/13 - 14:15:43.443	[34minfo[0m	D:/Code/GoCode/fisco/api/admin/verify_user.go:32	å·²å®¡æ‰¹ç”¨æˆ·åˆ›å»ºè¯·æ±‚
[fisco_bcos]2023/04/13 - 14:20:16.297	[34minfo[0m	D:/Code/GoCode/fisco/api/common/register.go:32	å·²æäº¤ç”¨æˆ·ç”³è¯·
[fisco_bcos]2023/04/13 - 14:20:25.442	[34minfo[0m	D:/Code/GoCode/fisco/api/admin/verify_user.go:32	å·²å®¡æ‰¹ç”¨æˆ·åˆ›å»ºè¯·æ±‚
[fisco_bcos]2023/04/13 - 14:21:10.123	[34minfo[0m	D:/Code/GoCode/fisco/api/common/register.go:32	å·²æäº¤ç”¨æˆ·ç”³è¯·
[fisco_bcos]2023/04/13 - 14:21:15.560	[34minfo[0m	D:/Code/GoCode/fisco/api/admin/verify_user.go:32	å·²å®¡æ‰¹ç”¨æˆ·åˆ›å»ºè¯·æ±‚
[fisco_bcos]2023/04/13 - 14:22:04.159	[34minfo[0m	D:/Code/GoCode/fisco/api/common/register.go:32	å·²æäº¤ç”¨æˆ·ç”³è¯·
[fisco_bcos]2023/04/13 - 14:22:14.895	[34minfo[0m	D:/Code/GoCode/fisco/api/admin/verify_user.go:32	å·²å®¡æ‰¹ç”¨æˆ·åˆ›å»ºè¯·æ±‚
[fisco_bcos]2023/04/13 - 14:22:28.684	[34minfo[0m	D:/Code/GoCode/fisco/api/contractuser/verify.go:26	ç¡®è®¤æˆåŠŸ
[fisco_bcos]2023/04/13 - 15:22:53.542	[34minfo[0m	D:/Code/GoCode/fisco/api/admin/add_role.go:28	æ–°å¢ç”¨æˆ·ç§ç±»æˆåŠŸ
[fisco_bcos]2023/04/13 - 15:25:40.748	[34minfo[0m	D:/Code/GoCode/fisco/api/common/register.go:32	å·²æäº¤ç”¨æˆ·ç”³è¯·
[fisco_bcos]2023/04/13 - 15:25:56.733	[34minfo[0m	D:/Code/GoCode/fisco/api/admin/verify_user.go:32	å·²å®¡æ‰¹ç”¨æˆ·åˆ›å»ºè¯·æ±‚
[fisco_bcos]2023/04/13 - 18:58:40.363	[34minfo[0m	D:/Code/GoCode/fisco/api/datauser/provide.go:25	æ•°æ®æä¾›æˆåŠŸ
[fisco_bcos]2023/04/13 - 19:00:00.729	[34minfo[0m	D:/Code/GoCode/fisco/api/datauser/provide.go:25	æ•°æ®æä¾›æˆåŠŸ
[fisco_bcos]2023/04/13 - 19:00:18.838	[34minfo[0m	D:/Code/GoCode/fisco/api/datauser/provide.go:25	æ•°æ®æä¾›æˆåŠŸ
[fisco_bcos]2023/04/13 - 19:00:55.456	[34minfo[0m	D:/Code/GoCode/fisco/api/datauser/provide.go:25	æ•°æ®æä¾›æˆåŠŸ
[fisco_bcos]2023/04/13 - 19:05:33.864	[34minfo[0m	D:/Code/GoCode/fisco/api/datauser/provide.go:25	æ•°æ®æä¾›æˆåŠŸ
[fisco_bcos]2023/04/13 - 19:05:50.215	[34minfo[0m	D:/Code/GoCode/fisco/api/datauser/provide.go:25	æ•°æ®æä¾›æˆåŠŸ
[fisco_bcos]2023/04/13 - 19:05:57.137	[34minfo[0m	D:/Code/GoCode/fisco/api/datauser/provide.go:25	æ•°æ®æä¾›æˆåŠŸ
[fisco_bcos]2023/04/13 - 19:06:02.113	[34minfo[0m	D:/Code/GoCode/fisco/api/datauser/provide.go:25	æ•°æ®æä¾›æˆåŠŸ
[fisco_bcos]2023/04/13 - 19:06:16.258	[34minfo[0m	D:/Code/GoCode/fisco/api/datauser/provide.go:25	æ•°æ®æä¾›æˆåŠŸ
[fisco_bcos]2023/04/13 - 19:06:17.975	[34minfo[0m	D:/Code/GoCode/fisco/api/datauser/provide.go:25	æ•°æ®æä¾›æˆåŠŸ
[fisco_bcos]2023/04/13 - 19:19:32.746	[34minfo[0m	D:/Code/GoCode/fisco/api/datauser/provide.go:25	æ•°æ®æä¾›æˆåŠŸ
[fisco_bcos]2023/04/13 - 19:19:35.326	[34minfo[0m	D:/Code/GoCode/fisco/api/datauser/provide.go:25	æ•°æ®æä¾›æˆåŠŸ
[fisco_bcos]2023/04/13 - 19:19:36.891	[34minfo[0m	D:/Code/GoCode/fisco/api/datauser/provide.go:25	æ•°æ®æä¾›æˆåŠŸ
[fisco_bcos]2023/04/13 - 19:19:37.435	[34minfo[0m	D:/Code/GoCode/fisco/api/datauser/provide.go:25	æ•°æ®æä¾›æˆåŠŸ
[fisco_bcos]2023/04/13 - 19:22:06.552	[34minfo[0m	D:/Code/GoCode/fisco/api/datauser/provide.go:25	æ•°æ®æä¾›æˆåŠŸ
[fisco_bcos]2023/04/13 - 19:22:07.848	[34minfo[0m	D:/Code/GoCode/fisco/api/datauser/provide.go:25	æ•°æ®æä¾›æˆåŠŸ
[fisco_bcos]2023/04/13 - 19:22:08.351	[34minfo[0m	D:/Code/GoCode/fisco/api/datauser/provide.go:25	æ•°æ®æä¾›æˆåŠŸ
[fisco_bcos]2023/04/13 - 19:23:46.675	[34minfo[0m	D:/Code/GoCode/fisco/api/datauser/provide.go:25	æ•°æ®æä¾›æˆåŠŸ
[fisco_bcos]2023/04/13 - 19:28:57.619	[34minfo[0m	D:/Code/GoCode/fisco/api/datauser/provide.go:25	æ•°æ®æä¾›æˆåŠŸ
[fisco_bcos]2023/04/13 - 19:45:33.829	[34minfo[0m	D:/Code/GoCode/fisco/api/datauser/delete.go:25	æ•°æ®åˆ é™¤æˆåŠŸ
[fisco_bcos]2023/04/13 - 19:48:09.205	[34minfo[0m	D:/Code/GoCode/fisco/api/datauser/delete.go:25	æ•°æ®åˆ é™¤æˆåŠŸ
[fisco_bcos]2023/04/13 - 19:48:27.887	[34minfo[0m	D:/Code/GoCode/fisco/api/datauser/provide.go:25	æ•°æ®æä¾›æˆåŠŸ
[fisco_bcos]2023/04/13 - 21:48:57.198	[34minfo[0m	D:/Code/GoCode/fisco/api/datauser/provide.go:25	æ•°æ®æä¾›æˆåŠŸ
[fisco_bcos]2023/04/14 - 09:23:57.712	[34minfo[0m	D:/Code/GoCode/fisco/api/common/register.go:32	å·²æäº¤ç”¨æˆ·ç”³è¯·
[fisco_bcos]2023/04/14 - 09:27:12.172	[34minfo[0m	D:/Code/GoCode/fisco/api/admin/verify_user.go:32	å·²å®¡æ‰¹ç”¨æˆ·åˆ›å»ºè¯·æ±‚
[fisco_bcos]2023/04/14 - 09:27:55.899	[34minfo[0m	D:/Code/GoCode/fisco/api/common/register.go:32	å·²æäº¤ç”¨æˆ·ç”³è¯·
[fisco_bcos]2023/04/14 - 09:28:00.490	[34minfo[0m	D:/Code/GoCode/fisco/api/admin/verify_user.go:32	å·²å®¡æ‰¹ç”¨æˆ·åˆ›å»ºè¯·æ±‚
[fisco_bcos]2023/04/14 - 09:28:33.238	[34minfo[0m	D:/Code/GoCode/fisco/api/common/login.go:26	ç™»å½•æˆåŠŸ
[fisco_bcos]2023/04/14 - 09:28:46.706	[34minfo[0m	D:/Code/GoCode/fisco/api/datauser/provide.go:25	æ•°æ®æä¾›æˆåŠŸ
[fisco_bcos]2023/04/14 - 09:34:15.863	[34minfo[0m	D:/Code/GoCode/fisco/api/common/login.go:26	ç™»å½•æˆåŠŸ
[fisco_bcos]2023/04/14 - 09:34:57.070	[34minfo[0m	D:/Code/GoCode/fisco/api/common/login.go:26	ç™»å½•æˆåŠŸ
[fisco_bcos]2023/04/14 - 09:42:02.469	[34minfo[0m	D:/Code/GoCode/fisco/api/common/login.go:26	ç™»å½•æˆåŠŸ
[fisco_bcos]2023/04/14 - 09:43:00.854	[34minfo[0m	D:/Code/GoCode/fisco/api/common/login.go:26	ç™»å½•æˆåŠŸ
[fisco_bcos]2023/04/14 - 09:43:37.375	[34minfo[0m	D:/Code/GoCode/fisco/api/common/login.go:26	ç™»å½•æˆåŠŸ
[fisco_bcos]2023/04/14 - 09:43:54.119	[34minfo[0m	D:/Code/GoCode/fisco/api/common/login.go:26	ç™»å½•æˆåŠŸ
[fisco_bcos]2023/04/14 - 09:44:25.466	[34minfo[0m	D:/Code/GoCode/fisco/api/common/login.go:26	ç™»å½•æˆåŠŸ
[fisco_bcos]2023/04/14 - 09:45:16.695	[34minfo[0m	D:/Code/GoCode/fisco/api/common/login.go:26	ç™»å½•æˆåŠŸ
[fisco_bcos]2023/04/14 - 09:47:00.441	[34minfo[0m	D:/Code/GoCode/fisco/api/common/login.go:26	ç™»å½•æˆåŠŸ
[fisco_bcos]2023/04/14 - 09:47:07.381	[34minfo[0m	D:/Code/GoCode/fisco/api/common/login.go:26	ç™»å½•æˆåŠŸ
[fisco_bcos]2023/04/14 - 09:47:56.763	[34minfo[0m	D:/Code/GoCode/fisco/api/common/login.go:26	ç™»å½•æˆåŠŸ
[fisco_bcos]2023/04/14 - 09:48:27.397	[34minfo[0m	D:/Code/GoCode/fisco/api/common/login.go:26	ç™»å½•æˆåŠŸ
[fisco_bcos]2023/04/14 - 09:48:40.735	[34minfo[0m	D:/Code/GoCode/fisco/api/common/login.go:26	ç™»å½•æˆåŠŸ
[fisco_bcos]2023/04/14 - 09:49:04.646	[34minfo[0m	D:/Code/GoCode/fisco/api/common/login.go:26	ç™»å½•æˆåŠŸ
[fisco_bcos]2023/04/14 - 09:49:09.075	[34minfo[0m	D:/Code/GoCode/fisco/api/common/login.go:26	ç™»å½•æˆåŠŸ
[fisco_bcos]2023/04/14 - 09:50:47.213	[34minfo[0m	D:/Code/GoCode/fisco/api/datauser/provide.go:25	æ•°æ®æä¾›æˆåŠŸ
[fisco_bcos]2023/04/14 - 09:51:04.610	[34minfo[0m	D:/Code/GoCode/fisco/api/datauser/provide.go:25	æ•°æ®æä¾›æˆåŠŸ
[fisco_bcos]2023/04/14 - 09:55:49.151	[34minfo[0m	D:/Code/GoCode/fisco/api/datauser/provide.go:25	æ•°æ®æä¾›æˆåŠŸ
[fisco_bcos]2023/04/14 - 10:09:52.109	[34minfo[0m	D:/Code/GoCode/fisco/api/datauser/delete.go:25	æ•°æ®åˆ é™¤æˆåŠŸ
[fisco_bcos]2023/04/14 - 10:10:10.348	[34minfo[0m	D:/Code/GoCode/fisco/api/datauser/provide.go:25	æ•°æ®æä¾›æˆåŠŸ
[fisco_bcos]2023/04/14 - 10:10:20.000	[34minfo[0m	D:/Code/GoCode/fisco/api/datauser/provide.go:25	æ•°æ®æä¾›æˆåŠŸ
[fisco_bcos]2023/04/14 - 10:10:23.910	[34minfo[0m	D:/Code/GoCode/fisco/api/datauser/delete.go:25	æ•°æ®åˆ é™¤æˆåŠŸ
[fisco_bcos]2023/04/14 - 10:11:18.197	[34minfo[0m	D:/Code/GoCode/fisco/api/datauser/provide.go:25	æ•°æ®æä¾›æˆåŠŸ
[fisco_bcos]2023/04/14 - 10:11:32.772	[34minfo[0m	D:/Code/GoCode/fisco/api/datauser/delete.go:25	æ•°æ®åˆ é™¤æˆåŠŸ
[fisco_bcos]2023/04/14 - 10:12:53.773	[34minfo[0m	D:/Code/GoCode/fisco/api/datauser/provide.go:25	æ•°æ®æä¾›æˆåŠŸ
[fisco_bcos]2023/04/14 - 10:13:31.673	[34minfo[0m	D:/Code/GoCode/fisco/api/datauser/provide.go:25	æ•°æ®æä¾›æˆåŠŸ
[fisco_bcos]2023/04/14 - 10:14:30.450	[34minfo[0m	D:/Code/GoCode/fisco/api/datauser/provide.go:25	æ•°æ®æä¾›æˆåŠŸ
[fisco_bcos]2023/04/14 - 10:25:57.993	[34minfo[0m	D:/Code/GoCode/fisco/api/datauser/provide.go:25	æ•°æ®æä¾›æˆåŠŸ
[fisco_bcos]2023/04/14 - 10:26:45.804	[34minfo[0m	D:/Code/GoCode/fisco/api/datauser/provide.go:25	æ•°æ®æä¾›æˆåŠŸ
[fisco_bcos]2023/04/14 - 10:26:49.263	[34minfo[0m	D:/Code/GoCode/fisco/api/datauser/delete.go:25	æ•°æ®åˆ é™¤æˆåŠŸ
[fisco_bcos]2023/04/14 - 10:27:04.333	[34minfo[0m	D:/Code/GoCode/fisco/api/datauser/delete.go:25	æ•°æ®åˆ é™¤æˆåŠŸ
[fisco_bcos]2023/04/14 - 10:27:04.851	[34minfo[0m	D:/Code/GoCode/fisco/api/datauser/delete.go:25	æ•°æ®åˆ é™¤æˆåŠŸ
[fisco_bcos]2023/04/14 - 10:28:45.179	[34minfo[0m	D:/Code/GoCode/fisco/api/datauser/delete.go:25	æ•°æ®åˆ é™¤æˆåŠŸ
[fisco_bcos]2023/04/14 - 10:29:23.343	[34minfo[0m	D:/Code/GoCode/fisco/api/datauser/delete.go:25	æ•°æ®åˆ é™¤æˆåŠŸ
[fisco_bcos]2023/04/14 - 10:29:57.211	[34minfo[0m	D:/Code/GoCode/fisco/api/datauser/delete.go:25	æ•°æ®åˆ é™¤æˆåŠŸ
[fisco_bcos]2023/04/14 - 10:31:02.554	[34minfo[0m	D:/Code/GoCode/fisco/api/datauser/delete.go:25	æ•°æ®åˆ é™¤æˆåŠŸ
[fisco_bcos]2023/04/14 - 10:32:08.601	[34minfo[0m	D:/Code/GoCode/fisco/api/datauser/delete.go:25	æ•°æ®åˆ é™¤æˆåŠŸ
[fisco_bcos]2023/04/14 - 10:33:32.563	[34minfo[0m	D:/Code/GoCode/fisco/api/datauser/delete.go:25	æ•°æ®åˆ é™¤æˆåŠŸ
[fisco_bcos]2023/04/14 - 10:34:44.978	[34minfo[0m	D:/Code/GoCode/fisco/api/datauser/provide.go:25	æ•°æ®æä¾›æˆåŠŸ
[fisco_bcos]2023/04/14 - 10:34:49.004	[34minfo[0m	D:/Code/GoCode/fisco/api/datauser/provide.go:25	æ•°æ®æä¾›æˆåŠŸ
[fisco_bcos]2023/04/14 - 10:34:57.435	[34minfo[0m	D:/Code/GoCode/fisco/api/datauser/delete.go:25	æ•°æ®åˆ é™¤æˆåŠŸ
[fisco_bcos]2023/04/14 - 10:39:50.146	[34minfo[0m	D:/Code/GoCode/fisco/api/datauser/provide.go:25	æ•°æ®æä¾›æˆåŠŸ
[fisco_bcos]2023/04/14 - 10:46:07.255	[34minfo[0m	D:/Code/GoCode/fisco/api/generaluser/show_hot_data.go:21	æŸ¥è¯¢è®°å½•æˆåŠŸ
[fisco_bcos]2023/04/14 - 10:46:30.496	[34minfo[0m	D:/Code/GoCode/fisco/api/datauser/provide.go:25	æ•°æ®æä¾›æˆåŠŸ
[fisco_bcos]2023/04/14 - 10:46:35.262	[34minfo[0m	D:/Code/GoCode/fisco/api/generaluser/show_hot_data.go:21	æŸ¥è¯¢è®°å½•æˆåŠŸ
[fisco_bcos]2023/04/14 - 12:56:45.734	[34minfo[0m	D:/Code/GoCode/fisco/api/common/login.go:26	ç™»å½•æˆåŠŸ
[fisco_bcos]2023/04/14 - 12:57:29.661	[34minfo[0m	D:/Code/GoCode/fisco/api/common/login.go:26	ç™»å½•æˆåŠŸ
[fisco_bcos]2023/04/14 - 13:04:52.433	[34minfo[0m	D:/Code/GoCode/fisco/api/generaluser/thumb_up_data.go:26	ç‚¹èµæˆåŠŸ
[fisco_bcos]2023/04/14 - 13:53:14.956	[34minfo[0m	D:/Code/GoCode/fisco/api/generaluser/show_hot_data.go:21	æŸ¥è¯¢è®°å½•æˆåŠŸ
[fisco_bcos]2023/04/14 - 13:55:34.503	[34minfo[0m	D:/Code/GoCode/fisco/api/generaluser/thumb_down_data.go:24	ç‚¹ç­æˆåŠŸ
[fisco_bcos]2023/04/14 - 13:57:17.322	[34minfo[0m	D:/Code/GoCode/fisco/api/common/login.go:26	ç™»å½•æˆåŠŸ
[fisco_bcos]2023/04/14 - 13:57:26.240	[34minfo[0m	D:/Code/GoCode/fisco/api/datauser/provide.go:25	æ•°æ®æä¾›æˆåŠŸ
[fisco_bcos]2023/04/14 - 13:57:42.654	[34minfo[0m	D:/Code/GoCode/fisco/api/datauser/provide.go:25	æ•°æ®æä¾›æˆåŠŸ
[fisco_bcos]2023/04/14 - 13:59:58.540	[34minfo[0m	D:/Code/GoCode/fisco/api/common/login.go:26	ç™»å½•æˆåŠŸ
[fisco_bcos]2023/04/14 - 14:00:02.429	[34minfo[0m	D:/Code/GoCode/fisco/api/generaluser/show_hot_data.go:21	æŸ¥è¯¢è®°å½•æˆåŠŸ
[fisco_bcos]2023/04/14 - 14:00:16.255	[34minfo[0m	D:/Code/GoCode/fisco/api/generaluser/show_hot_data.go:21	æŸ¥è¯¢è®°å½•æˆåŠŸ
[fisco_bcos]2023/04/14 - 14:01:21.955	[34minfo[0m	D:/Code/GoCode/fisco/api/generaluser/show_hot_data.go:21	æŸ¥è¯¢è®°å½•æˆåŠŸ
[fisco_bcos]2023/04/14 - 14:02:24.531	[34minfo[0m	D:/Code/GoCode/fisco/api/generaluser/thumb_up_data.go:25	ç‚¹èµæˆåŠŸ
[fisco_bcos]2023/04/14 - 14:11:55.788	[34minfo[0m	D:/Code/GoCode/fisco/api/generaluser/show_hot_data.go:21	æŸ¥è¯¢è®°å½•æˆåŠŸ
[fisco_bcos]2023/04/14 - 14:14:08.852	[34minfo[0m	D:/Code/GoCode/fisco/api/generaluser/thumb_down_data.go:24	ç‚¹ç­æˆåŠŸ
[fisco_bcos]2023/04/14 - 14:20:42.714	[34minfo[0m	D:/Code/GoCode/fisco/api/generaluser/thumb_down_data.go:24	ç‚¹ç­æˆåŠŸ
[fisco_bcos]2023/04/14 - 18:11:00.550	[34minfo[0m	D:/Code/GoCode/fisco/api/generaluser/show_hot_data.go:21	æŸ¥è¯¢è®°å½•æˆåŠŸ
[fisco_bcos]2023/04/14 - 18:12:38.370	[34minfo[0m	D:/Code/GoCode/fisco/api/generaluser/show_hot_data.go:21	æŸ¥è¯¢è®°å½•æˆåŠŸ
[fisco_bcos]2023/04/17 - 08:51:14.770	[34minfo[0m	D:/Code/GoCode/fisco/api/common/login.go:26	ç™»å½•æˆåŠŸ
[fisco_bcos]2023/04/17 - 08:51:34.961	[34minfo[0m	D:/Code/GoCode/fisco/api/common/login.go:26	ç™»å½•æˆåŠŸ
[fisco_bcos]2023/04/17 - 08:51:44.352	[34minfo[0m	D:/Code/GoCode/fisco/api/datauser/provide.go:25	æ•°æ®æä¾›æˆåŠŸ
[fisco_bcos]2023/04/17 - 09:09:06.930	[34minfo[0m	D:/Code/GoCode/fisco/api/common/login.go:26	ç™»å½•æˆåŠŸ
[fisco_bcos]2023/04/17 - 09:09:20.031	[34minfo[0m	D:/Code/GoCode/fisco/api/generaluser/thumb_up_data.go:26	ç‚¹èµæˆåŠŸ
[fisco_bcos]2023/04/17 - 09:12:25.009	[34minfo[0m	D:/Code/GoCode/fisco/api/common/login.go:26	ç™»å½•æˆåŠŸ
[fisco_bcos]2023/04/17 - 09:12:29.919	[34minfo[0m	D:/Code/GoCode/fisco/api/datauser/provide.go:25	æ•°æ®æä¾›æˆåŠŸ
[fisco_bcos]2023/04/17 - 09:12:41.681	[34minfo[0m	D:/Code/GoCode/fisco/api/datauser/provide.go:25	æ•°æ®æä¾›æˆåŠŸ
[fisco_bcos]2023/04/17 - 09:16:22.133	[34minfo[0m	D:/Code/GoCode/fisco/api/datauser/provide.go:25	æ•°æ®æä¾›æˆåŠŸ
[fisco_bcos]2023/04/17 - 09:16:30.229	[34minfo[0m	D:/Code/GoCode/fisco/api/datauser/provide.go:25	æ•°æ®æä¾›æˆåŠŸ
[fisco_bcos]2023/04/17 - 09:17:33.331	[34minfo[0m	D:/Code/GoCode/fisco/api/common/login.go:26	ç™»å½•æˆåŠŸ
[fisco_bcos]2023/04/17 - 09:17:40.513	[34minfo[0m	D:/Code/GoCode/fisco/api/generaluser/thumb_up_data.go:26	ç‚¹èµæˆåŠŸ
[fisco_bcos]2023/04/17 - 09:25:25.504	[34minfo[0m	D:/Code/GoCode/fisco/api/datauser/provide.go:25	æ•°æ®æä¾›æˆåŠŸ
[fisco_bcos]2023/04/17 - 09:25:46.400	[34minfo[0m	D:/Code/GoCode/fisco/api/datauser/provide.go:25	æ•°æ®æä¾›æˆåŠŸ
[fisco_bcos]2023/04/17 - 09:29:36.498	[34minfo[0m	D:/Code/GoCode/fisco/api/datauser/provide.go:25	æ•°æ®æä¾›æˆåŠŸ
[fisco_bcos]2023/04/17 - 09:29:52.378	[34minfo[0m	D:/Code/GoCode/fisco/api/datauser/provide.go:25	æ•°æ®æä¾›æˆåŠŸ
[fisco_bcos]2023/04/17 - 09:29:59.486	[34minfo[0m	D:/Code/GoCode/fisco/api/datauser/provide.go:25	æ•°æ®æä¾›æˆåŠŸ
[fisco_bcos]2023/04/17 - 09:31:37.819	[34minfo[0m	D:/Code/GoCode/fisco/api/generaluser/thumb_up_data.go:26	ç‚¹èµæˆåŠŸ
[fisco_bcos]2023/04/17 - 10:53:35.031	[34minfo[0m	D:/Code/GoCode/fisco/api/datauser/provide.go:25	æ•°æ®æä¾›æˆåŠŸ
[fisco_bcos]2023/04/17 - 10:53:56.576	[34minfo[0m	D:/Code/GoCode/fisco/api/datauser/provide.go:25	æ•°æ®æä¾›æˆåŠŸ
[fisco_bcos]2023/04/17 - 10:55:41.966	[34minfo[0m	D:/Code/GoCode/fisco/api/datauser/provide.go:25	æ•°æ®æä¾›æˆåŠŸ
[fisco_bcos]2023/04/17 - 10:57:00.417	[34minfo[0m	D:/Code/GoCode/fisco/api/datauser/provide.go:25	æ•°æ®æä¾›æˆåŠŸ
[fisco_bcos]2023/04/17 - 11:04:45.265	[34minfo[0m	D:/Code/GoCode/fisco/api/generaluser/thumb_up_data.go:26	ç‚¹èµæˆåŠŸ
[fisco_bcos]2023/04/17 - 11:14:07.338	[34minfo[0m	D:/Code/GoCode/fisco/api/datauser/provide.go:25	æ•°æ®æä¾›æˆåŠŸ
[fisco_bcos]2023/04/17 - 11:19:50.538	[34minfo[0m	D:/Code/GoCode/fisco/api/datauser/provide.go:25	æ•°æ®æä¾›æˆåŠŸ
[fisco_bcos]2023/04/17 - 11:19:57.745	[34minfo[0m	D:/Code/GoCode/fisco/api/datauser/provide.go:25	æ•°æ®æä¾›æˆåŠŸ
[fisco_bcos]2023/04/17 - 11:20:05.273	[34minfo[0m	D:/Code/GoCode/fisco/api/datauser/provide.go:25	æ•°æ®æä¾›æˆåŠŸ
[fisco_bcos]2023/04/17 - 11:22:56.212	[34minfo[0m	D:/Code/GoCode/fisco/api/generaluser/show_hot_data.go:21	æŸ¥è¯¢è®°å½•æˆåŠŸ
[fisco_bcos]2023/04/17 - 11:54:28.747	[34minfo[0m	D:/Code/GoCode/fisco/api/datauser/provide.go:25	æ•°æ®æä¾›æˆåŠŸ
[fisco_bcos]2023/04/17 - 11:54:38.716	[34minfo[0m	D:/Code/GoCode/fisco/api/datauser/provide.go:25	æ•°æ®æä¾›æˆåŠŸ
[fisco_bcos]2023/04/17 - 11:55:00.983	[34minfo[0m	D:/Code/GoCode/fisco/api/datauser/provide.go:25	æ•°æ®æä¾›æˆåŠŸ
[fisco_bcos]2023/04/17 - 11:55:11.091	[34minfo[0m	D:/Code/GoCode/fisco/api/datauser/provide.go:25	æ•°æ®æä¾›æˆåŠŸ
[fisco_bcos]2023/04/17 - 11:57:41.624	[34minfo[0m	D:/Code/GoCode/fisco/api/datauser/provide.go:25	æ•°æ®æä¾›æˆåŠŸ
[fisco_bcos]2023/04/17 - 11:58:02.486	[34minfo[0m	D:/Code/GoCode/fisco/api/datauser/provide.go:25	æ•°æ®æä¾›æˆåŠŸ
[fisco_bcos]2023/04/17 - 12:04:14.419	[34minfo[0m	D:/Code/GoCode/fisco/api/datauser/provide.go:25	æ•°æ®æä¾›æˆåŠŸ
[fisco_bcos]2023/04/17 - 12:04:30.236	[34minfo[0m	D:/Code/GoCode/fisco/api/datauser/delete.go:25	æ•°æ®åˆ é™¤æˆåŠŸ
[fisco_bcos]2023/04/17 - 12:05:41.917	[34minfo[0m	D:/Code/GoCode/fisco/api/generaluser/show_hot_data.go:21	æŸ¥è¯¢è®°å½•æˆåŠŸ
[fisco_bcos]2023/04/17 - 12:06:12.054	[34minfo[0m	D:/Code/GoCode/fisco/api/datauser/provide.go:25	æ•°æ®æä¾›æˆåŠŸ
[fisco_bcos]2023/04/17 - 12:06:26.138	[34minfo[0m	D:/Code/GoCode/fisco/api/generaluser/show_hot_data.go:21	æŸ¥è¯¢è®°å½•æˆåŠŸ
[fisco_bcos]2023/04/17 - 12:06:32.018	[34minfo[0m	D:/Code/GoCode/fisco/api/datauser/provide.go:25	æ•°æ®æä¾›æˆåŠŸ
[fisco_bcos]2023/04/17 - 12:06:35.667	[34minfo[0m	D:/Code/GoCode/fisco/api/generaluser/show_hot_data.go:21	æŸ¥è¯¢è®°å½•æˆåŠŸ
[fisco_bcos]2023/04/17 - 14:07:51.113	[34minfo[0m	D:/Code/GoCode/fisco/api/generaluser/thumb_down_data.go:26	ç‚¹ç­æˆåŠŸ
[fisco_bcos]2023/04/17 - 14:15:49.259	[34minfo[0m	D:/Code/GoCode/fisco/api/generaluser/thumb_down_data.go:26	ç‚¹ç­æˆåŠŸ
[fisco_bcos]2023/04/17 - 14:15:56.172	[34minfo[0m	D:/Code/GoCode/fisco/api/generaluser/thumb_down_data.go:26	ç‚¹ç­æˆåŠŸ
[fisco_bcos]2023/04/17 - 14:16:32.315	[34minfo[0m	D:/Code/GoCode/fisco/api/generaluser/thumb_down_data.go:26	ç‚¹ç­æˆåŠŸ
[fisco_bcos]2023/04/17 - 14:24:09.807	[34minfo[0m	D:/Code/GoCode/fisco/api/generaluser/thumb_down_data.go:26	ç‚¹ç­æˆåŠŸ
[fisco_bcos]2023/04/17 - 14:24:52.870	[34minfo[0m	D:/Code/GoCode/fisco/api/generaluser/thumb_down_data.go:26	ç‚¹ç­æˆåŠŸ
[fisco_bcos]2023/04/17 - 14:25:26.012	[34minfo[0m	D:/Code/GoCode/fisco/api/generaluser/thumb_down_data.go:26	ç‚¹ç­æˆåŠŸ
[fisco_bcos]2023/04/17 - 14:26:20.201	[34minfo[0m	D:/Code/GoCode/fisco/api/generaluser/thumb_down_data.go:26	ç‚¹ç­æˆåŠŸ
[fisco_bcos]2023/04/17 - 14:27:32.971	[34minfo[0m	D:/Code/GoCode/fisco/api/generaluser/thumb_up_data.go:26	ç‚¹èµæˆåŠŸ
[fisco_bcos]2023/04/17 - 14:27:41.836	[34minfo[0m	D:/Code/GoCode/fisco/api/generaluser/thumb_up_data.go:26	ç‚¹èµæˆåŠŸ
[fisco_bcos]2023/04/17 - 16:15:23.275	[34minfo[0m	D:/Code/GoCode/fisco/api/generaluser/thumb_up_data.go:26	ç‚¹èµæˆåŠŸ
[fisco_bcos]2023/04/17 - 16:15:23.564	[34minfo[0m	D:/Code/GoCode/fisco/api/generaluser/thumb_up_data.go:26	ç‚¹èµæˆåŠŸ
[fisco_bcos]2023/04/17 - 16:15:24.899	[34minfo[0m	D:/Code/GoCode/fisco/api/generaluser/thumb_up_data.go:26	ç‚¹èµæˆåŠŸ
[fisco_bcos]2023/04/17 - 16:15:25.352	[34minfo[0m	D:/Code/GoCode/fisco/api/generaluser/thumb_up_data.go:26	ç‚¹èµæˆåŠŸ
[fisco_bcos]2023/04/17 - 16:16:27.530	[34minfo[0m	D:/Code/GoCode/fisco/api/generaluser/thumb_up_data.go:26	ç‚¹èµæˆåŠŸ
[fisco_bcos]2023/04/17 - 16:23:11.777	[34minfo[0m	D:/Code/GoCode/fisco/api/generaluser/thumb_up_data.go:26	ç‚¹èµæˆåŠŸ
[fisco_bcos]2023/04/17 - 16:23:12.021	[34minfo[0m	D:/Code/GoCode/fisco/api/generaluser/thumb_up_data.go:26	ç‚¹èµæˆåŠŸ
[fisco_bcos]2023/04/17 - 16:23:12.365	[34minfo[0m	D:/Code/GoCode/fisco/api/generaluser/thumb_up_data.go:26	ç‚¹èµæˆåŠŸ
[fisco_bcos]2023/04/17 - 16:23:12.557	[34minfo[0m	D:/Code/GoCode/fisco/api/generaluser/thumb_up_data.go:26	ç‚¹èµæˆåŠŸ
[fisco_bcos]2023/04/17 - 16:23:12.740	[34minfo[0m	D:/Code/GoCode/fisco/api/generaluser/thumb_up_data.go:26	ç‚¹èµæˆåŠŸ
[fisco_bcos]2023/04/17 - 16:23:12.888	[34minfo[0m	D:/Code/GoCode/fisco/api/generaluser/thumb_up_data.go:26	ç‚¹èµæˆåŠŸ
[fisco_bcos]2023/04/17 - 16:23:13.008	[34minfo[0m	D:/Code/GoCode/fisco/api/generaluser/thumb_up_data.go:26	ç‚¹èµæˆåŠŸ
[fisco_bcos]2023/04/17 - 16:25:40.482	[34minfo[0m	D:/Code/GoCode/fisco/api/system/aggregate_to_redis.go:37	èšåˆæ•°æ®æˆåŠŸ
[fisco_bcos]2023/04/17 - 16:25:42.471	[34minfo[0m	D:/Code/GoCode/fisco/api/system/aggregate_to_redis.go:37	èšåˆæ•°æ®æˆåŠŸ
[fisco_bcos]2023/04/17 - 16:25:44.469	[34minfo[0m	D:/Code/GoCode/fisco/api/system/aggregate_to_redis.go:37	èšåˆæ•°æ®æˆåŠŸ
[fisco_bcos]2023/04/17 - 16:25:46.457	[34minfo[0m	D:/Code/GoCode/fisco/api/system/aggregate_to_redis.go:37	èšåˆæ•°æ®æˆåŠŸ
[fisco_bcos]2023/04/17 - 16:25:48.458	[34minfo[0m	D:/Code/GoCode/fisco/api/system/aggregate_to_redis.go:37	èšåˆæ•°æ®æˆåŠŸ
[fisco_bcos]2023/04/17 - 16:32:48.567	[34minfo[0m	D:/Code/GoCode/fisco/api/system/aggregate_to_redis.go:37	èšåˆæ•°æ®æˆåŠŸ
[fisco_bcos]2023/04/17 - 16:32:50.544	[34minfo[0m	D:/Code/GoCode/fisco/api/system/aggregate_to_redis.go:37	èšåˆæ•°æ®æˆåŠŸ
[fisco_bcos]2023/04/17 - 16:32:52.545	[34minfo[0m	D:/Code/GoCode/fisco/api/system/aggregate_to_redis.go:37	èšåˆæ•°æ®æˆåŠŸ
[fisco_bcos]2023/04/17 - 16:32:54.540	[34minfo[0m	D:/Code/GoCode/fisco/api/system/aggregate_to_redis.go:37	èšåˆæ•°æ®æˆåŠŸ
[fisco_bcos]2023/04/17 - 16:32:56.540	[34minfo[0m	D:/Code/GoCode/fisco/api/system/aggregate_to_redis.go:37	èšåˆæ•°æ®æˆåŠŸ
[fisco_bcos]2023/04/17 - 16:33:28.638	[34minfo[0m	D:/Code/GoCode/fisco/api/system/aggregate_to_redis.go:37	èšåˆæ•°æ®æˆåŠŸ
[fisco_bcos]2023/04/17 - 16:33:30.610	[34minfo[0m	D:/Code/GoCode/fisco/api/system/aggregate_to_redis.go:37	èšåˆæ•°æ®æˆåŠŸ
[fisco_bcos]2023/04/17 - 16:34:22.422	[34minfo[0m	D:/Code/GoCode/fisco/api/system/aggregate_to_redis.go:34	èšåˆæ•°æ®æˆåŠŸ
[fisco_bcos]2023/04/17 - 16:34:24.391	[34minfo[0m	D:/Code/GoCode/fisco/api/system/aggregate_to_redis.go:34	èšåˆæ•°æ®æˆåŠŸ
[fisco_bcos]2023/04/17 - 16:35:00.571	[34minfo[0m	D:/Code/GoCode/fisco/api/system/aggregate_to_redis.go:34	èšåˆæ•°æ®æˆåŠŸ
[fisco_bcos]2023/04/17 - 16:35:02.553	[34minfo[0m	D:/Code/GoCode/fisco/api/system/aggregate_to_redis.go:34	èšåˆæ•°æ®æˆåŠŸ
[fisco_bcos]2023/04/17 - 16:35:04.552	[34minfo[0m	D:/Code/GoCode/fisco/api/system/aggregate_to_redis.go:34	èšåˆæ•°æ®æˆåŠŸ
[fisco_bcos]2023/04/17 - 16:35:06.548	[34minfo[0m	D:/Code/GoCode/fisco/api/system/aggregate_to_redis.go:34	èšåˆæ•°æ®æˆåŠŸ
[fisco_bcos]2023/04/17 - 16:35:08.544	[34minfo[0m	D:/Code/GoCode/fisco/api/system/aggregate_to_redis.go:34	èšåˆæ•°æ®æˆåŠŸ
[fisco_bcos]2023/04/17 - 16:35:10.542	[34minfo[0m	D:/Code/GoCode/fisco/api/system/aggregate_to_redis.go:34	èšåˆæ•°æ®æˆåŠŸ
[fisco_bcos]2023/04/17 - 16:35:12.545	[34minfo[0m	D:/Code/GoCode/fisco/api/system/aggregate_to_redis.go:34	èšåˆæ•°æ®æˆåŠŸ
[fisco_bcos]2023/04/17 - 16:35:14.541	[34minfo[0m	D:/Code/GoCode/fisco/api/system/aggregate_to_redis.go:34	èšåˆæ•°æ®æˆåŠŸ
[fisco_bcos]2023/04/17 - 16:35:16.541	[34minfo[0m	D:/Code/GoCode/fisco/api/system/aggregate_to_redis.go:34	èšåˆæ•°æ®æˆåŠŸ
[fisco_bcos]2023/04/17 - 17:26:23.168	[34minfo[0m	D:/Code/GoCode/fisco/api/system/aggregate_to_redis.go:34	èšåˆæ•°æ®æˆåŠŸ
[fisco_bcos]2023/04/17 - 17:26:25.150	[34minfo[0m	D:/Code/GoCode/fisco/api/system/aggregate_to_redis.go:34	èšåˆæ•°æ®æˆåŠŸ
[fisco_bcos]2023/04/17 - 17:26:27.142	[34minfo[0m	D:/Code/GoCode/fisco/api/system/aggregate_to_redis.go:34	èšåˆæ•°æ®æˆåŠŸ
[fisco_bcos]2023/04/17 - 17:26:29.151	[34minfo[0m	D:/Code/GoCode/fisco/api/system/aggregate_to_redis.go:34	èšåˆæ•°æ®æˆåŠŸ
[fisco_bcos]2023/04/17 - 17:26:31.143	[34minfo[0m	D:/Code/GoCode/fisco/api/system/aggregate_to_redis.go:34	èšåˆæ•°æ®æˆåŠŸ
[fisco_bcos]2023/04/17 - 17:26:33.145	[34minfo[0m	D:/Code/GoCode/fisco/api/system/aggregate_to_redis.go:34	èšåˆæ•°æ®æˆåŠŸ
[fisco_bcos]2023/04/17 - 17:56:35.999	[34minfo[0m	D:/Code/GoCode/fisco/api/system/aggregate_to_redis.go:34	èšåˆæ•°æ®æˆåŠŸ
[fisco_bcos]2023/04/17 - 17:56:37.983	[34minfo[0m	D:/Code/GoCode/fisco/api/system/aggregate_to_redis.go:34	èšåˆæ•°æ®æˆåŠŸ
[fisco_bcos]2023/04/17 - 17:56:39.995	[34minfo[0m	D:/Code/GoCode/fisco/api/system/aggregate_to_redis.go:34	èšåˆæ•°æ®æˆåŠŸ
[fisco_bcos]2023/04/17 - 17:56:41.994	[34minfo[0m	D:/Code/GoCode/fisco/api/system/aggregate_to_redis.go:34	èšåˆæ•°æ®æˆåŠŸ
[fisco_bcos]2023/04/17 - 17:56:43.997	[34minfo[0m	D:/Code/GoCode/fisco/api/system/aggregate_to_redis.go:34	èšåˆæ•°æ®æˆåŠŸ
[fisco_bcos]2023/04/17 - 17:56:45.993	[34minfo[0m	D:/Code/GoCode/fisco/api/system/aggregate_to_redis.go:34	èšåˆæ•°æ®æˆåŠŸ
[fisco_bcos]2023/04/17 - 17:59:26.925	[34minfo[0m	D:/Code/GoCode/fisco/api/system/aggregate_to_redis.go:34	èšåˆæ•°æ®æˆåŠŸ
[fisco_bcos]2023/04/17 - 17:59:28.907	[34minfo[0m	D:/Code/GoCode/fisco/api/system/aggregate_to_redis.go:34	èšåˆæ•°æ®æˆåŠŸ
[fisco_bcos]2023/04/17 - 17:59:30.906	[34minfo[0m	D:/Code/GoCode/fisco/api/system/aggregate_to_redis.go:34	èšåˆæ•°æ®æˆåŠŸ
[fisco_bcos]2023/04/17 - 17:59:32.899	[34minfo[0m	D:/Code/GoCode/fisco/api/system/aggregate_to_redis.go:34	èšåˆæ•°æ®æˆåŠŸ
[fisco_bcos]2023/04/17 - 18:04:05.826	[34minfo[0m	D:/Code/GoCode/fisco/api/datauser/provide.go:25	æ•°æ®æä¾›æˆåŠŸ
[fisco_bcos]2023/04/17 - 18:04:09.010	[34minfo[0m	D:/Code/GoCode/fisco/api/generaluser/thumb_up_data.go:26	ç‚¹èµæˆåŠŸ
[fisco_bcos]2023/04/17 - 18:04:09.152	[34minfo[0m	D:/Code/GoCode/fisco/api/generaluser/thumb_up_data.go:26	ç‚¹èµæˆåŠŸ
[fisco_bcos]2023/04/17 - 18:04:09.284	[34minfo[0m	D:/Code/GoCode/fisco/api/generaluser/thumb_up_data.go:26	ç‚¹èµæˆåŠŸ
[fisco_bcos]2023/04/17 - 18:04:09.415	[34minfo[0m	D:/Code/GoCode/fisco/api/generaluser/thumb_up_data.go:26	ç‚¹èµæˆåŠŸ
[fisco_bcos]2023/04/17 - 18:04:09.554	[34minfo[0m	D:/Code/GoCode/fisco/api/generaluser/thumb_up_data.go:26	ç‚¹èµæˆåŠŸ
[fisco_bcos]2023/04/17 - 18:04:09.694	[34minfo[0m	D:/Code/GoCode/fisco/api/generaluser/thumb_up_data.go:26	ç‚¹èµæˆåŠŸ
[fisco_bcos]2023/04/17 - 18:04:09.820	[34minfo[0m	D:/Code/GoCode/fisco/api/generaluser/thumb_up_data.go:26	ç‚¹èµæˆåŠŸ
[fisco_bcos]2023/04/17 - 18:04:09.940	[34minfo[0m	D:/Code/GoCode/fisco/api/generaluser/thumb_up_data.go:26	ç‚¹èµæˆåŠŸ
[fisco_bcos]2023/04/17 - 18:04:10.051	[34minfo[0m	D:/Code/GoCode/fisco/api/generaluser/thumb_up_data.go:26	ç‚¹èµæˆåŠŸ
[fisco_bcos]2023/04/17 - 18:04:23.448	[34minfo[0m	D:/Code/GoCode/fisco/api/system/aggregate_to_redis.go:34	èšåˆæ•°æ®æˆåŠŸ
[fisco_bcos]2023/04/17 - 18:04:25.443	[34minfo[0m	D:/Code/GoCode/fisco/api/system/aggregate_to_redis.go:34	èšåˆæ•°æ®æˆåŠŸ
[fisco_bcos]2023/04/17 - 18:04:27.440	[34minfo[0m	D:/Code/GoCode/fisco/api/system/aggregate_to_redis.go:34	èšåˆæ•°æ®æˆåŠŸ
[fisco_bcos]2023/04/17 - 18:04:29.446	[34minfo[0m	D:/Code/GoCode/fisco/api/system/aggregate_to_redis.go:34	èšåˆæ•°æ®æˆåŠŸ
[fisco_bcos]2023/04/17 - 18:04:31.440	[34minfo[0m	D:/Code/GoCode/fisco/api/system/aggregate_to_redis.go:34	èšåˆæ•°æ®æˆåŠŸ
[fisco_bcos]2023/04/17 - 18:04:33.439	[34minfo[0m	D:/Code/GoCode/fisco/api/system/aggregate_to_redis.go:34	èšåˆæ•°æ®æˆåŠŸ
[fisco_bcos]2023/04/17 - 18:04:35.448	[34minfo[0m	D:/Code/GoCode/fisco/api/system/aggregate_to_redis.go:34	èšåˆæ•°æ®æˆåŠŸ
[fisco_bcos]2023/04/17 - 18:04:37.440	[34minfo[0m	D:/Code/GoCode/fisco/api/system/aggregate_to_redis.go:34	èšåˆæ•°æ®æˆåŠŸ
[fisco_bcos]2023/04/17 - 18:04:39.452	[34minfo[0m	D:/Code/GoCode/fisco/api/system/aggregate_to_redis.go:34	èšåˆæ•°æ®æˆåŠŸ
[fisco_bcos]2023/04/17 - 18:04:41.446	[34minfo[0m	D:/Code/GoCode/fisco/api/system/aggregate_to_redis.go:34	èšåˆæ•°æ®æˆåŠŸ
[fisco_bcos]2023/04/17 - 18:04:43.439	[34minfo[0m	D:/Code/GoCode/fisco/api/system/aggregate_to_redis.go:34	èšåˆæ•°æ®æˆåŠŸ
[fisco_bcos]2023/04/17 - 18:04:45.439	[34minfo[0m	D:/Code/GoCode/fisco/api/system/aggregate_to_redis.go:34	èšåˆæ•°æ®æˆåŠŸ
[fisco_bcos]2023/04/17 - 18:04:47.451	[34minfo[0m	D:/Code/GoCode/fisco/api/system/aggregate_to_redis.go:34	èšåˆæ•°æ®æˆåŠŸ
[fisco_bcos]2023/04/17 - 18:04:49.446	[34minfo[0m	D:/Code/GoCode/fisco/api/system/aggregate_to_redis.go:34	èšåˆæ•°æ®æˆåŠŸ
[fisco_bcos]2023/04/17 - 18:04:51.443	[34minfo[0m	D:/Code/GoCode/fisco/api/system/aggregate_to_redis.go:34	èšåˆæ•°æ®æˆåŠŸ
[fisco_bcos]2023/04/17 - 18:04:53.437	[34minfo[0m	D:/Code/GoCode/fisco/api/system/aggregate_to_redis.go:34	èšåˆæ•°æ®æˆåŠŸ
[fisco_bcos]2023/04/17 - 18:05:32.550	[34minfo[0m	D:/Code/GoCode/fisco/api/system/aggregate_to_redis.go:34	èšåˆæ•°æ®æˆåŠŸ
[fisco_bcos]2023/04/17 - 18:05:34.540	[34minfo[0m	D:/Code/GoCode/fisco/api/system/aggregate_to_redis.go:34	èšåˆæ•°æ®æˆåŠŸ
[fisco_bcos]2023/04/17 - 18:06:21.964	[34minfo[0m	D:/Code/GoCode/fisco/api/system/aggregate_to_redis.go:34	èšåˆæ•°æ®æˆåŠŸ
[fisco_bcos]2023/04/17 - 18:06:23.939	[34minfo[0m	D:/Code/GoCode/fisco/api/system/aggregate_to_redis.go:34	èšåˆæ•°æ®æˆåŠŸ
[fisco_bcos]2023/04/17 - 18:06:50.085	[34minfo[0m	D:/Code/GoCode/fisco/api/system/aggregate_to_redis.go:34	èšåˆæ•°æ®æˆåŠŸ
[fisco_bcos]2023/04/17 - 18:06:52.059	[34minfo[0m	D:/Code/GoCode/fisco/api/system/aggregate_to_redis.go:34	èšåˆæ•°æ®æˆåŠŸ
[fisco_bcos]2023/04/17 - 18:06:54.067	[34minfo[0m	D:/Code/GoCode/fisco/api/system/aggregate_to_redis.go:34	èšåˆæ•°æ®æˆåŠŸ
[fisco_bcos]2023/04/17 - 18:06:56.064	[34minfo[0m	D:/Code/GoCode/fisco/api/system/aggregate_to_redis.go:34	èšåˆæ•°æ®æˆåŠŸ
[fisco_bcos]2023/04/17 - 18:06:58.072	[34minfo[0m	D:/Code/GoCode/fisco/api/system/aggregate_to_redis.go:34	èšåˆæ•°æ®æˆåŠŸ
[fisco_bcos]2023/04/17 - 18:07:00.064	[34minfo[0m	D:/Code/GoCode/fisco/api/system/aggregate_to_redis.go:34	èšåˆæ•°æ®æˆåŠŸ
[fisco_bcos]2023/04/17 - 18:07:38.168	[34minfo[0m	D:/Code/GoCode/fisco/api/system/aggregate_to_redis.go:34	èšåˆæ•°æ®æˆåŠŸ
[fisco_bcos]2023/04/17 - 18:07:40.156	[34minfo[0m	D:/Code/GoCode/fisco/api/system/aggregate_to_redis.go:34	èšåˆæ•°æ®æˆåŠŸ
[fisco_bcos]2023/04/17 - 18:07:42.148	[34minfo[0m	D:/Code/GoCode/fisco/api/system/aggregate_to_redis.go:34	èšåˆæ•°æ®æˆåŠŸ
[fisco_bcos]2023/04/17 - 18:08:57.700	[34minfo[0m	D:/Code/GoCode/fisco/api/system/aggregate_to_redis.go:34	èšåˆæ•°æ®æˆåŠŸ
[fisco_bcos]2023/04/17 - 18:08:59.685	[34minfo[0m	D:/Code/GoCode/fisco/api/system/aggregate_to_redis.go:34	èšåˆæ•°æ®æˆåŠŸ
[fisco_bcos]2023/04/17 - 18:09:01.674	[34minfo[0m	D:/Code/GoCode/fisco/api/system/aggregate_to_redis.go:34	èšåˆæ•°æ®æˆåŠŸ
[fisco_bcos]2023/04/17 - 18:09:03.682	[34minfo[0m	D:/Code/GoCode/fisco/api/system/aggregate_to_redis.go:34	èšåˆæ•°æ®æˆåŠŸ
[fisco_bcos]2023/04/17 - 18:09:05.677	[34minfo[0m	D:/Code/GoCode/fisco/api/system/aggregate_to_redis.go:34	èšåˆæ•°æ®æˆåŠŸ
[fisco_bcos]2023/04/17 - 18:09:07.686	[34minfo[0m	D:/Code/GoCode/fisco/api/system/aggregate_to_redis.go:34	èšåˆæ•°æ®æˆåŠŸ
[fisco_bcos]2023/04/17 - 18:09:09.687	[34minfo[0m	D:/Code/GoCode/fisco/api/system/aggregate_to_redis.go:34	èšåˆæ•°æ®æˆåŠŸ
[fisco_bcos]2023/04/17 - 18:09:11.681	[34minfo[0m	D:/Code/GoCode/fisco/api/system/aggregate_to_redis.go:34	èšåˆæ•°æ®æˆåŠŸ
[fisco_bcos]2023/04/17 - 18:10:47.714	[34minfo[0m	D:/Code/GoCode/fisco/api/system/aggregate_to_redis.go:34	èšåˆæ•°æ®æˆåŠŸ
[fisco_bcos]2023/04/17 - 18:13:28.685	[34minfo[0m	D:/Code/GoCode/fisco/api/datauser/provide.go:25	æ•°æ®æä¾›æˆåŠŸ
[fisco_bcos]2023/04/17 - 18:13:29.922	[34minfo[0m	D:/Code/GoCode/fisco/api/generaluser/thumb_up_data.go:26	ç‚¹èµæˆåŠŸ
[fisco_bcos]2023/04/17 - 18:13:30.063	[34minfo[0m	D:/Code/GoCode/fisco/api/generaluser/thumb_up_data.go:26	ç‚¹èµæˆåŠŸ
[fisco_bcos]2023/04/17 - 18:13:30.192	[34minfo[0m	D:/Code/GoCode/fisco/api/generaluser/thumb_up_data.go:26	ç‚¹èµæˆåŠŸ
[fisco_bcos]2023/04/17 - 18:13:30.306	[34minfo[0m	D:/Code/GoCode/fisco/api/generaluser/thumb_up_data.go:26	ç‚¹èµæˆåŠŸ
[fisco_bcos]2023/04/17 - 18:13:30.429	[34minfo[0m	D:/Code/GoCode/fisco/api/generaluser/thumb_up_data.go:26	ç‚¹èµæˆåŠŸ
[fisco_bcos]2023/04/17 - 18:13:30.572	[34minfo[0m	D:/Code/GoCode/fisco/api/generaluser/thumb_up_data.go:26	ç‚¹èµæˆåŠŸ
[fisco_bcos]2023/04/17 - 18:13:30.696	[34minfo[0m	D:/Code/GoCode/fisco/api/generaluser/thumb_up_data.go:26	ç‚¹èµæˆåŠŸ
[fisco_bcos]2023/04/17 - 18:13:30.821	[34minfo[0m	D:/Code/GoCode/fisco/api/generaluser/thumb_up_data.go:26	ç‚¹èµæˆåŠŸ
[fisco_bcos]2023/04/17 - 18:13:30.918	[34minfo[0m	D:/Code/GoCode/fisco/api/generaluser/thumb_up_data.go:26	ç‚¹èµæˆåŠŸ
[fisco_bcos]2023/04/17 - 18:13:34.988	[34minfo[0m	D:/Code/GoCode/fisco/api/system/aggregate_to_redis.go:34	èšåˆæ•°æ®æˆåŠŸ
[fisco_bcos]2023/04/17 - 18:15:38.758	[34minfo[0m	D:/Code/GoCode/fisco/api/datauser/provide.go:25	æ•°æ®æä¾›æˆåŠŸ
[fisco_bcos]2023/04/17 - 18:15:40.201	[34minfo[0m	D:/Code/GoCode/fisco/api/generaluser/thumb_up_data.go:26	ç‚¹èµæˆåŠŸ
[fisco_bcos]2023/04/17 - 18:15:40.339	[34minfo[0m	D:/Code/GoCode/fisco/api/generaluser/thumb_up_data.go:26	ç‚¹èµæˆåŠŸ
[fisco_bcos]2023/04/17 - 18:15:40.459	[34minfo[0m	D:/Code/GoCode/fisco/api/generaluser/thumb_up_data.go:26	ç‚¹èµæˆåŠŸ
[fisco_bcos]2023/04/17 - 18:15:40.592	[34minfo[0m	D:/Code/GoCode/fisco/api/generaluser/thumb_up_data.go:26	ç‚¹èµæˆåŠŸ
[fisco_bcos]2023/04/17 - 18:15:40.710	[34minfo[0m	D:/Code/GoCode/fisco/api/generaluser/thumb_up_data.go:26	ç‚¹èµæˆåŠŸ
[fisco_bcos]2023/04/17 - 18:15:40.841	[34minfo[0m	D:/Code/GoCode/fisco/api/generaluser/thumb_up_data.go:26	ç‚¹èµæˆåŠŸ
[fisco_bcos]2023/04/17 - 18:15:40.972	[34minfo[0m	D:/Code/GoCode/fisco/api/generaluser/thumb_up_data.go:26	ç‚¹èµæˆåŠŸ
[fisco_bcos]2023/04/17 - 18:15:41.091	[34minfo[0m	D:/Code/GoCode/fisco/api/generaluser/thumb_up_data.go:26	ç‚¹èµæˆåŠŸ
[fisco_bcos]2023/04/17 - 18:15:45.233	[34minfo[0m	D:/Code/GoCode/fisco/api/system/aggregate_to_redis.go:34	èšåˆæ•°æ®æˆåŠŸ
[fisco_bcos]2023/04/17 - 18:16:37.851	[34minfo[0m	D:/Code/GoCode/fisco/api/datauser/provide.go:25	æ•°æ®æä¾›æˆåŠŸ
[fisco_bcos]2023/04/17 - 18:16:39.914	[34minfo[0m	D:/Code/GoCode/fisco/api/generaluser/thumb_up_data.go:26	ç‚¹èµæˆåŠŸ
[fisco_bcos]2023/04/17 - 18:16:40.052	[34minfo[0m	D:/Code/GoCode/fisco/api/generaluser/thumb_up_data.go:26	ç‚¹èµæˆåŠŸ
[fisco_bcos]2023/04/17 - 18:16:40.174	[34minfo[0m	D:/Code/GoCode/fisco/api/generaluser/thumb_up_data.go:26	ç‚¹èµæˆåŠŸ
[fisco_bcos]2023/04/17 - 18:16:40.298	[34minfo[0m	D:/Code/GoCode/fisco/api/generaluser/thumb_up_data.go:26	ç‚¹èµæˆåŠŸ
[fisco_bcos]2023/04/17 - 18:16:40.426	[34minfo[0m	D:/Code/GoCode/fisco/api/generaluser/thumb_up_data.go:26	ç‚¹èµæˆåŠŸ
[fisco_bcos]2023/04/17 - 18:16:40.558	[34minfo[0m	D:/Code/GoCode/fisco/api/generaluser/thumb_up_data.go:26	ç‚¹èµæˆåŠŸ
[fisco_bcos]2023/04/17 - 18:16:40.674	[34minfo[0m	D:/Code/GoCode/fisco/api/generaluser/thumb_up_data.go:26	ç‚¹èµæˆåŠŸ
[fisco_bcos]2023/04/17 - 18:16:40.808	[34minfo[0m	D:/Code/GoCode/fisco/api/generaluser/thumb_up_data.go:26	ç‚¹èµæˆåŠŸ
[fisco_bcos]2023/04/17 - 18:16:41.070	[34minfo[0m	D:/Code/GoCode/fisco/api/generaluser/thumb_up_data.go:26	ç‚¹èµæˆåŠŸ
[fisco_bcos]2023/04/17 - 18:16:46.821	[34minfo[0m	D:/Code/GoCode/fisco/api/system/aggregate_to_redis.go:34	èšåˆæ•°æ®æˆåŠŸ
[fisco_bcos]2023/04/17 - 18:17:23.698	[34minfo[0m	D:/Code/GoCode/fisco/api/datauser/provide.go:25	æ•°æ®æä¾›æˆåŠŸ
[fisco_bcos]2023/04/17 - 18:17:25.278	[34minfo[0m	D:/Code/GoCode/fisco/api/generaluser/thumb_up_data.go:26	ç‚¹èµæˆåŠŸ
[fisco_bcos]2023/04/17 - 18:17:25.411	[34minfo[0m	D:/Code/GoCode/fisco/api/generaluser/thumb_up_data.go:26	ç‚¹èµæˆåŠŸ
[fisco_bcos]2023/04/17 - 18:17:25.542	[34minfo[0m	D:/Code/GoCode/fisco/api/generaluser/thumb_up_data.go:26	ç‚¹èµæˆåŠŸ
[fisco_bcos]2023/04/17 - 18:17:25.661	[34minfo[0m	D:/Code/GoCode/fisco/api/generaluser/thumb_up_data.go:26	ç‚¹èµæˆåŠŸ
[fisco_bcos]2023/04/17 - 18:17:25.793	[34minfo[0m	D:/Code/GoCode/fisco/api/generaluser/thumb_up_data.go:26	ç‚¹èµæˆåŠŸ
[fisco_bcos]2023/04/17 - 18:17:25.905	[34minfo[0m	D:/Code/GoCode/fisco/api/generaluser/thumb_up_data.go:26	ç‚¹èµæˆåŠŸ
[fisco_bcos]2023/04/17 - 18:17:26.027	[34minfo[0m	D:/Code/GoCode/fisco/api/generaluser/thumb_up_data.go:26	ç‚¹èµæˆåŠŸ
[fisco_bcos]2023/04/17 - 18:17:26.153	[34minfo[0m	D:/Code/GoCode/fisco/api/generaluser/thumb_up_data.go:26	ç‚¹èµæˆåŠŸ
[fisco_bcos]2023/04/17 - 18:17:26.264	[34minfo[0m	D:/Code/GoCode/fisco/api/generaluser/thumb_up_data.go:26	ç‚¹èµæˆåŠŸ
[fisco_bcos]2023/04/17 - 18:17:30.277	[34minfo[0m	D:/Code/GoCode/fisco/api/system/aggregate_to_redis.go:34	èšåˆæ•°æ®æˆåŠŸ
[fisco_bcos]2023/04/17 - 18:18:26.014	[34minfo[0m	D:/Code/GoCode/fisco/api/datauser/provide.go:25	æ•°æ®æä¾›æˆåŠŸ
[fisco_bcos]2023/04/17 - 18:18:27.593	[34minfo[0m	D:/Code/GoCode/fisco/api/generaluser/thumb_up_data.go:26	ç‚¹èµæˆåŠŸ
[fisco_bcos]2023/04/17 - 18:18:27.727	[34minfo[0m	D:/Code/GoCode/fisco/api/generaluser/thumb_up_data.go:26	ç‚¹èµæˆåŠŸ
[fisco_bcos]2023/04/17 - 18:18:27.852	[34minfo[0m	D:/Code/GoCode/fisco/api/generaluser/thumb_up_data.go:26	ç‚¹èµæˆåŠŸ
[fisco_bcos]2023/04/17 - 18:18:27.982	[34minfo[0m	D:/Code/GoCode/fisco/api/generaluser/thumb_up_data.go:26	ç‚¹èµæˆåŠŸ
[fisco_bcos]2023/04/17 - 18:18:28.109	[34minfo[0m	D:/Code/GoCode/fisco/api/generaluser/thumb_up_data.go:26	ç‚¹èµæˆåŠŸ
[fisco_bcos]2023/04/17 - 18:18:28.231	[34minfo[0m	D:/Code/GoCode/fisco/api/generaluser/thumb_up_data.go:26	ç‚¹èµæˆåŠŸ
[fisco_bcos]2023/04/17 - 18:18:28.358	[34minfo[0m	D:/Code/GoCode/fisco/api/generaluser/thumb_up_data.go:26	ç‚¹èµæˆåŠŸ
[fisco_bcos]2023/04/17 - 18:18:31.957	[34minfo[0m	D:/Code/GoCode/fisco/api/system/aggregate_to_redis.go:34	èšåˆæ•°æ®æˆåŠŸ
[fisco_bcos]2023/04/17 - 18:19:16.859	[34minfo[0m	D:/Code/GoCode/fisco/api/datauser/provide.go:25	æ•°æ®æä¾›æˆåŠŸ
[fisco_bcos]2023/04/17 - 18:19:19.891	[34minfo[0m	D:/Code/GoCode/fisco/api/generaluser/thumb_up_data.go:26	ç‚¹èµæˆåŠŸ
[fisco_bcos]2023/04/17 - 18:19:20.039	[34minfo[0m	D:/Code/GoCode/fisco/api/generaluser/thumb_up_data.go:26	ç‚¹èµæˆåŠŸ
[fisco_bcos]2023/04/17 - 18:19:20.175	[34minfo[0m	D:/Code/GoCode/fisco/api/generaluser/thumb_up_data.go:26	ç‚¹èµæˆåŠŸ
[fisco_bcos]2023/04/17 - 18:19:20.318	[34minfo[0m	D:/Code/GoCode/fisco/api/generaluser/thumb_up_data.go:26	ç‚¹èµæˆåŠŸ
[fisco_bcos]2023/04/17 - 18:19:20.454	[34minfo[0m	D:/Code/GoCode/fisco/api/generaluser/thumb_up_data.go:26	ç‚¹èµæˆåŠŸ
[fisco_bcos]2023/04/17 - 18:19:20.585	[34minfo[0m	D:/Code/GoCode/fisco/api/generaluser/thumb_up_data.go:26	ç‚¹èµæˆåŠŸ
[fisco_bcos]2023/04/17 - 18:19:20.707	[34minfo[0m	D:/Code/GoCode/fisco/api/generaluser/thumb_up_data.go:26	ç‚¹èµæˆåŠŸ
[fisco_bcos]2023/04/17 - 18:19:20.841	[34minfo[0m	D:/Code/GoCode/fisco/api/generaluser/thumb_up_data.go:26	ç‚¹èµæˆåŠŸ
[fisco_bcos]2023/04/17 - 18:19:20.990	[34minfo[0m	D:/Code/GoCode/fisco/api/generaluser/thumb_up_data.go:26	ç‚¹èµæˆåŠŸ
[fisco_bcos]2023/04/17 - 18:19:28.958	[34minfo[0m	D:/Code/GoCode/fisco/api/system/aggregate_to_redis.go:34	èšåˆæ•°æ®æˆåŠŸ
[fisco_bcos]2023/04/17 - 18:20:16.202	[34minfo[0m	D:/Code/GoCode/fisco/api/datauser/provide.go:25	æ•°æ®æä¾›æˆåŠŸ
[fisco_bcos]2023/04/17 - 18:20:17.782	[34minfo[0m	D:/Code/GoCode/fisco/api/generaluser/thumb_up_data.go:26	ç‚¹èµæˆåŠŸ
[fisco_bcos]2023/04/17 - 18:20:17.906	[34minfo[0m	D:/Code/GoCode/fisco/api/generaluser/thumb_up_data.go:26	ç‚¹èµæˆåŠŸ
[fisco_bcos]2023/04/17 - 18:20:18.044	[34minfo[0m	D:/Code/GoCode/fisco/api/generaluser/thumb_up_data.go:26	ç‚¹èµæˆåŠŸ
[fisco_bcos]2023/04/17 - 18:20:18.167	[34minfo[0m	D:/Code/GoCode/fisco/api/generaluser/thumb_up_data.go:26	ç‚¹èµæˆåŠŸ
[fisco_bcos]2023/04/17 - 18:20:18.291	[34minfo[0m	D:/Code/GoCode/fisco/api/generaluser/thumb_up_data.go:26	ç‚¹èµæˆåŠŸ
[fisco_bcos]2023/04/17 - 18:20:18.428	[34minfo[0m	D:/Code/GoCode/fisco/api/generaluser/thumb_up_data.go:26	ç‚¹èµæˆåŠŸ
[fisco_bcos]2023/04/17 - 18:20:18.560	[34minfo[0m	D:/Code/GoCode/fisco/api/generaluser/thumb_up_data.go:26	ç‚¹èµæˆåŠŸ
[fisco_bcos]2023/04/17 - 18:20:18.675	[34minfo[0m	D:/Code/GoCode/fisco/api/generaluser/thumb_up_data.go:26	ç‚¹èµæˆåŠŸ
[fisco_bcos]2023/04/17 - 18:20:18.812	[34minfo[0m	D:/Code/GoCode/fisco/api/generaluser/thumb_up_data.go:26	ç‚¹èµæˆåŠŸ
[fisco_bcos]2023/04/17 - 18:20:22.715	[34minfo[0m	D:/Code/GoCode/fisco/api/system/aggregate_to_redis.go:34	èšåˆæ•°æ®æˆåŠŸ
[fisco_bcos]2023/04/17 - 18:20:45.497	[34minfo[0m	D:/Code/GoCode/fisco/api/datauser/provide.go:25	æ•°æ®æä¾›æˆåŠŸ
[fisco_bcos]2023/04/17 - 18:20:46.944	[34minfo[0m	D:/Code/GoCode/fisco/api/generaluser/thumb_up_data.go:26	ç‚¹èµæˆåŠŸ
[fisco_bcos]2023/04/17 - 18:20:47.080	[34minfo[0m	D:/Code/GoCode/fisco/api/generaluser/thumb_up_data.go:26	ç‚¹èµæˆåŠŸ
[fisco_bcos]2023/04/17 - 18:20:47.209	[34minfo[0m	D:/Code/GoCode/fisco/api/generaluser/thumb_up_data.go:26	ç‚¹èµæˆåŠŸ
[fisco_bcos]2023/04/17 - 18:20:47.350	[34minfo[0m	D:/Code/GoCode/fisco/api/generaluser/thumb_up_data.go:26	ç‚¹èµæˆåŠŸ
[fisco_bcos]2023/04/17 - 18:20:47.466	[34minfo[0m	D:/Code/GoCode/fisco/api/generaluser/thumb_up_data.go:26	ç‚¹èµæˆåŠŸ
[fisco_bcos]2023/04/17 - 18:20:47.584	[34minfo[0m	D:/Code/GoCode/fisco/api/generaluser/thumb_up_data.go:26	ç‚¹èµæˆåŠŸ
[fisco_bcos]2023/04/17 - 18:20:47.716	[34minfo[0m	D:/Code/GoCode/fisco/api/generaluser/thumb_up_data.go:26	ç‚¹èµæˆåŠŸ
[fisco_bcos]2023/04/17 - 18:20:47.848	[34minfo[0m	D:/Code/GoCode/fisco/api/generaluser/thumb_up_data.go:26	ç‚¹èµæˆåŠŸ
[fisco_bcos]2023/04/17 - 18:20:47.981	[34minfo[0m	D:/Code/GoCode/fisco/api/generaluser/thumb_up_data.go:26	ç‚¹èµæˆåŠŸ
[fisco_bcos]2023/04/17 - 18:20:48.089	[34minfo[0m	D:/Code/GoCode/fisco/api/generaluser/thumb_up_data.go:26	ç‚¹èµæˆåŠŸ
[fisco_bcos]2023/04/17 - 18:20:52.701	[34minfo[0m	D:/Code/GoCode/fisco/api/system/aggregate_to_redis.go:34	èšåˆæ•°æ®æˆåŠŸ
[fisco_bcos]2023/04/17 - 18:21:48.347	[34minfo[0m	D:/Code/GoCode/fisco/api/datauser/provide.go:25	æ•°æ®æä¾›æˆåŠŸ
[fisco_bcos]2023/04/17 - 18:21:50.021	[34minfo[0m	D:/Code/GoCode/fisco/api/generaluser/thumb_up_data.go:26	ç‚¹èµæˆåŠŸ
[fisco_bcos]2023/04/17 - 18:21:50.170	[34minfo[0m	D:/Code/GoCode/fisco/api/generaluser/thumb_up_data.go:26	ç‚¹èµæˆåŠŸ
[fisco_bcos]2023/04/17 - 18:21:50.292	[34minfo[0m	D:/Code/GoCode/fisco/api/generaluser/thumb_up_data.go:26	ç‚¹èµæˆåŠŸ
[fisco_bcos]2023/04/17 - 18:21:50.413	[34minfo[0m	D:/Code/GoCode/fisco/api/generaluser/thumb_up_data.go:26	ç‚¹èµæˆåŠŸ
[fisco_bcos]2023/04/17 - 18:21:50.539	[34minfo[0m	D:/Code/GoCode/fisco/api/generaluser/thumb_up_data.go:26	ç‚¹èµæˆåŠŸ
[fisco_bcos]2023/04/17 - 18:21:50.655	[34minfo[0m	D:/Code/GoCode/fisco/api/generaluser/thumb_up_data.go:26	ç‚¹èµæˆåŠŸ
[fisco_bcos]2023/04/17 - 18:21:50.784	[34minfo[0m	D:/Code/GoCode/fisco/api/generaluser/thumb_up_data.go:26	ç‚¹èµæˆåŠŸ
[fisco_bcos]2023/04/17 - 18:21:50.897	[34minfo[0m	D:/Code/GoCode/fisco/api/generaluser/thumb_up_data.go:26	ç‚¹èµæˆåŠŸ
[fisco_bcos]2023/04/17 - 18:21:55.646	[34minfo[0m	D:/Code/GoCode/fisco/api/system/aggregate_to_redis.go:34	èšåˆæ•°æ®æˆåŠŸ
[fisco_bcos]2023/04/17 - 18:23:57.059	[34minfo[0m	D:/Code/GoCode/fisco/api/datauser/provide.go:25	æ•°æ®æä¾›æˆåŠŸ
[fisco_bcos]2023/04/17 - 18:23:58.735	[34minfo[0m	D:/Code/GoCode/fisco/api/generaluser/thumb_up_data.go:26	ç‚¹èµæˆåŠŸ
[fisco_bcos]2023/04/17 - 18:23:58.870	[34minfo[0m	D:/Code/GoCode/fisco/api/generaluser/thumb_up_data.go:26	ç‚¹èµæˆåŠŸ
[fisco_bcos]2023/04/17 - 18:23:59.003	[34minfo[0m	D:/Code/GoCode/fisco/api/generaluser/thumb_up_data.go:26	ç‚¹èµæˆåŠŸ
[fisco_bcos]2023/04/17 - 18:23:59.139	[34minfo[0m	D:/Code/GoCode/fisco/api/generaluser/thumb_up_data.go:26	ç‚¹èµæˆåŠŸ
[fisco_bcos]2023/04/17 - 18:23:59.275	[34minfo[0m	D:/Code/GoCode/fisco/api/generaluser/thumb_up_data.go:26	ç‚¹èµæˆåŠŸ
[fisco_bcos]2023/04/17 - 18:23:59.400	[34minfo[0m	D:/Code/GoCode/fisco/api/generaluser/thumb_up_data.go:26	ç‚¹èµæˆåŠŸ
[fisco_bcos]2023/04/17 - 18:23:59.528	[34minfo[0m	D:/Code/GoCode/fisco/api/generaluser/thumb_up_data.go:26	ç‚¹èµæˆåŠŸ
[fisco_bcos]2023/04/17 - 18:24:02.941	[34minfo[0m	D:/Code/GoCode/fisco/api/system/aggregate_to_redis.go:34	èšåˆæ•°æ®æˆåŠŸ
[fisco_bcos]2023/04/17 - 18:27:23.862	[34minfo[0m	D:/Code/GoCode/fisco/api/datauser/provide.go:25	æ•°æ®æä¾›æˆåŠŸ
[fisco_bcos]2023/04/17 - 18:27:25.508	[34minfo[0m	D:/Code/GoCode/fisco/api/generaluser/thumb_up_data.go:26	ç‚¹èµæˆåŠŸ
[fisco_bcos]2023/04/17 - 18:27:25.644	[34minfo[0m	D:/Code/GoCode/fisco/api/generaluser/thumb_up_data.go:26	ç‚¹èµæˆåŠŸ
[fisco_bcos]2023/04/17 - 18:27:25.762	[34minfo[0m	D:/Code/GoCode/fisco/api/generaluser/thumb_up_data.go:26	ç‚¹èµæˆåŠŸ
[fisco_bcos]2023/04/17 - 18:27:25.890	[34minfo[0m	D:/Code/GoCode/fisco/api/generaluser/thumb_up_data.go:26	ç‚¹èµæˆåŠŸ
[fisco_bcos]2023/04/17 - 18:27:26.012	[34minfo[0m	D:/Code/GoCode/fisco/api/generaluser/thumb_up_data.go:26	ç‚¹èµæˆåŠŸ
[fisco_bcos]2023/04/17 - 18:27:26.127	[34minfo[0m	D:/Code/GoCode/fisco/api/generaluser/thumb_up_data.go:26	ç‚¹èµæˆåŠŸ
[fisco_bcos]2023/04/17 - 18:27:26.241	[34minfo[0m	D:/Code/GoCode/fisco/api/generaluser/thumb_up_data.go:26	ç‚¹èµæˆåŠŸ
[fisco_bcos]2023/04/17 - 18:27:30.049	[34minfo[0m	D:/Code/GoCode/fisco/api/system/aggregate_to_redis.go:34	èšåˆæ•°æ®æˆåŠŸ
[fisco_bcos]2023/04/17 - 19:06:04.229	[34minfo[0m	D:/Code/GoCode/fisco/api/admin/add_role.go:28	æ–°å¢ç”¨æˆ·ç§ç±»æˆåŠŸ
[fisco_bcos]2023/04/17 - 19:09:24.273	[34minfo[0m	D:/Code/GoCode/fisco/api/common/register.go:32	å·²æäº¤ç”¨æˆ·ç”³è¯·
[fisco_bcos]2023/04/17 - 19:10:20.731	[34minfo[0m	D:/Code/GoCode/fisco/api/admin/verify_user.go:32	å·²å®¡æ‰¹ç”¨æˆ·åˆ›å»ºè¯·æ±‚
[fisco_bcos]2023/04/17 - 19:12:10.620	[34minfo[0m	D:/Code/GoCode/fisco/api/admin/verify_user.go:32	å·²å®¡æ‰¹ç”¨æˆ·åˆ›å»ºè¯·æ±‚
[fisco_bcos]2023/04/17 - 19:12:16.431	[34minfo[0m	D:/Code/GoCode/fisco/api/admin/verify_user.go:32	å·²å®¡æ‰¹ç”¨æˆ·åˆ›å»ºè¯·æ±‚
[fisco_bcos]2023/04/17 - 19:52:28.693	[34minfo[0m	D:/Code/GoCode/fisco/api/judge/judge_upload_data.go:28	å®¡è®¡æ•°æ®æˆåŠŸ
[fisco_bcos]2023/04/17 - 19:54:26.980	[34minfo[0m	D:/Code/GoCode/fisco/api/judge/judge_upload_data.go:28	å®¡è®¡æ•°æ®æˆåŠŸ
[fisco_bcos]2023/04/18 - 14:20:40.168	[34minfo[0m	D:/Code/GoCode/fisco/api/common/login.go:26	ç™»å½•æˆåŠŸ
[fisco_bcos]2023/04/18 - 14:20:58.615	[34minfo[0m	D:/Code/GoCode/fisco/api/common/login.go:26	ç™»å½•æˆåŠŸ
[fisco_bcos]2023/04/18 - 14:21:01.425	[34minfo[0m	D:/Code/GoCode/fisco/api/common/login.go:26	ç™»å½•æˆåŠŸ
[fisco_bcos]2023/04/18 - 14:22:17.048	[34minfo[0m	D:/Code/GoCode/fisco/api/common/login.go:26	ç™»å½•æˆåŠŸ
[fisco_bcos]2023/04/18 - 14:22:24.095	[34minfo[0m	D:/Code/GoCode/fisco/api/common/login.go:26	ç™»å½•æˆåŠŸ
[fisco_bcos]2023/04/18 - 14:24:46.524	[34minfo[0m	D:/Code/GoCode/fisco/api/common/login.go:26	ç™»å½•æˆåŠŸ
[fisco_bcos]2023/04/18 - 14:54:03.694	[34minfo[0m	D:/Code/GoCode/fisco/api/common/login.go:26	ç™»å½•æˆåŠŸ
[fisco_bcos]2023/04/18 - 15:14:11.017	[34minfo[0m	D:/Code/GoCode/fisco/api/datauser/provide.go:25	æ•°æ®æä¾›æˆåŠŸ
[fisco_bcos]2023/04/18 - 15:14:42.450	[34minfo[0m	D:/Code/GoCode/fisco/api/common/login.go:26	ç™»å½•æˆåŠŸ
[fisco_bcos]2023/04/18 - 15:14:44.478	[34minfo[0m	D:/Code/GoCode/fisco/api/datauser/provide.go:25	æ•°æ®æä¾›æˆåŠŸ
[fisco_bcos]2023/04/18 - 15:14:57.213	[34minfo[0m	D:/Code/GoCode/fisco/api/datauser/provide.go:25	æ•°æ®æä¾›æˆåŠŸ
[fisco_bcos]2023/04/18 - 15:15:03.739	[34minfo[0m	D:/Code/GoCode/fisco/api/datauser/provide.go:25	æ•°æ®æä¾›æˆåŠŸ
[fisco_bcos]2023/04/18 - 15:20:04.815	[34minfo[0m	D:/Code/GoCode/fisco/api/common/login.go:26	ç™»å½•æˆåŠŸ
[fisco_bcos]2023/04/18 - 15:20:07.027	[34minfo[0m	D:/Code/GoCode/fisco/api/datauser/provide.go:25	æ•°æ®æä¾›æˆåŠŸ
[fisco_bcos]2023/04/18 - 15:20:23.779	[34minfo[0m	D:/Code/GoCode/fisco/api/datauser/delete.go:25	æ•°æ®åˆ é™¤æˆåŠŸ
[fisco_bcos]2023/04/18 - 15:20:35.472	[34minfo[0m	D:/Code/GoCode/fisco/api/common/login.go:26	ç™»å½•æˆåŠŸ
[fisco_bcos]2023/11/11 - 14:23:55.318	[34minfo[0m	D:/Code/GoCode/fisco/api/chain/chain_height.go:16	è¯·æ±‚äº†åŒºå—é«˜åº¦
[blockchain_platform]2023/11/11 - 14:28:07	[34minfo[0m	D:/Code/GoCode/fisco/api/chain/chain_height.go:16	è¯·æ±‚äº†åŒºå—é«˜åº¦
[blockchain_platform]2023/11/11 - 14:29:18	[34minfo[0m	D:/Code/GoCode/fisco/api/chain/chain_height.go:16	è¯·æ±‚äº†åŒºå—é«˜åº¦
[blockchain_platform]2023/11/11 - 14:29:33	[34minfo[0m	D:/Code/GoCode/fisco/api/chain/chain_height.go:16	è¯·æ±‚äº†åŒºå—é«˜åº¦
